Determining if the pthread_create exist failed with the following output:
Change Dir: /home/ubuntu/arduinobot-tutorial/L5-Digital-Twin-with-URDF/arduinobot_ws/build/CMakeFiles/CMakeTmp

Run Build Command:"/usr/bin/make" "cmTC_70b0e/fast"
/usr/bin/make -f CMakeFiles/cmTC_70b0e.dir/build.make CMakeFiles/cmTC_70b0e.dir/build
make[1]: ingresso nella directory "/home/ubuntu/arduinobot-tutorial/L5-Digital-Twin-with-URDF/arduinobot_ws/build/CMakeFiles/CMakeTmp"
Building C object CMakeFiles/cmTC_70b0e.dir/CheckSymbolExists.c.o
/usr/bin/cc    -o CMakeFiles/cmTC_70b0e.dir/CheckSymbolExists.c.o   -c /home/ubuntu/arduinobot-tutorial/L5-Digital-Twin-with-URDF/arduinobot_ws/build/CMakeFiles/CMakeTmp/CheckSymbolExists.c
Linking C executable cmTC_70b0e
/usr/local/bin/cmake -E cmake_link_script CMakeFiles/cmTC_70b0e.dir/link.txt --verbose=1
/usr/bin/cc      -rdynamic CMakeFiles/cmTC_70b0e.dir/CheckSymbolExists.c.o  -o cmTC_70b0e 
CMakeFiles/cmTC_70b0e.dir/CheckSymbolExists.c.o: nella funzione "main":
CheckSymbolExists.c:(.text+0x14): riferimento non definito a "pthread_create"
CheckSymbolExists.c:(.text+0x18): riferimento non definito a "pthread_create"
collect2: error: ld returned 1 exit status
CMakeFiles/cmTC_70b0e.dir/build.make:97: recipe for target 'cmTC_70b0e' failed
make[1]: *** [cmTC_70b0e] Error 1
make[1]: uscita dalla directory "/home/ubuntu/arduinobot-tutorial/L5-Digital-Twin-with-URDF/arduinobot_ws/build/CMakeFiles/CMakeTmp"
Makefile:126: recipe for target 'cmTC_70b0e/fast' failed
make: *** [cmTC_70b0e/fast] Error 2

File /home/ubuntu/arduinobot-tutorial/L5-Digital-Twin-with-URDF/arduinobot_ws/build/CMakeFiles/CMakeTmp/CheckSymbolExists.c:
/* */
#include <pthread.h>

int main(int argc, char** argv)
{
  (void)argv;
#ifndef pthread_create
  return ((int*)(&pthread_create))[argc];
#else
  (void)argc;
  return 0;
#endif
}

Determining if the function pthread_create exists in the pthreads failed with the following output:
Change Dir: /home/ubuntu/arduinobot-tutorial/L5-Digital-Twin-with-URDF/arduinobot_ws/build/CMakeFiles/CMakeTmp

Run Build Command:"/usr/bin/make" "cmTC_ccb11/fast"
/usr/bin/make -f CMakeFiles/cmTC_ccb11.dir/build.make CMakeFiles/cmTC_ccb11.dir/build
make[1]: ingresso nella directory "/home/ubuntu/arduinobot-tutorial/L5-Digital-Twin-with-URDF/arduinobot_ws/build/CMakeFiles/CMakeTmp"
Building C object CMakeFiles/cmTC_ccb11.dir/CheckFunctionExists.c.o
/usr/bin/cc   -DCHECK_FUNCTION_EXISTS=pthread_create   -o CMakeFiles/cmTC_ccb11.dir/CheckFunctionExists.c.o   -c /usr/local/share/cmake-3.8/Modules/CheckFunctionExists.c
Linking C executable cmTC_ccb11
/usr/local/bin/cmake -E cmake_link_script CMakeFiles/cmTC_ccb11.dir/link.txt --verbose=1
/usr/bin/cc  -DCHECK_FUNCTION_EXISTS=pthread_create    -rdynamic CMakeFiles/cmTC_ccb11.dir/CheckFunctionExists.c.o  -o cmTC_ccb11 -lpthreads 
/usr/bin/ld: impossibile trovare -lpthreads
collect2: error: ld returned 1 exit status
CMakeFiles/cmTC_ccb11.dir/build.make:97: recipe for target 'cmTC_ccb11' failed
make[1]: *** [cmTC_ccb11] Error 1
make[1]: uscita dalla directory "/home/ubuntu/arduinobot-tutorial/L5-Digital-Twin-with-URDF/arduinobot_ws/build/CMakeFiles/CMakeTmp"
Makefile:126: recipe for target 'cmTC_ccb11/fast' failed
make: *** [cmTC_ccb11/fast] Error 2


