Determining if the pthread_create exist failed with the following output:
Change Dir: /home/ubuntu/arduinobot-tutorial/L6-Robot-Arm-Inverse-Kinematic/arduinobot_ws/build/CMakeFiles/CMakeTmp

Run Build Command:"/usr/bin/make" "cmTC_71335/fast"
/usr/bin/make -f CMakeFiles/cmTC_71335.dir/build.make CMakeFiles/cmTC_71335.dir/build
make[1]: ingresso nella directory "/home/ubuntu/arduinobot-tutorial/L6-Robot-Arm-Inverse-Kinematic/arduinobot_ws/build/CMakeFiles/CMakeTmp"
Building C object CMakeFiles/cmTC_71335.dir/CheckSymbolExists.c.o
/usr/bin/cc    -o CMakeFiles/cmTC_71335.dir/CheckSymbolExists.c.o   -c /home/ubuntu/arduinobot-tutorial/L6-Robot-Arm-Inverse-Kinematic/arduinobot_ws/build/CMakeFiles/CMakeTmp/CheckSymbolExists.c
Linking C executable cmTC_71335
/usr/local/bin/cmake -E cmake_link_script CMakeFiles/cmTC_71335.dir/link.txt --verbose=1
/usr/bin/cc      -rdynamic CMakeFiles/cmTC_71335.dir/CheckSymbolExists.c.o  -o cmTC_71335 
CMakeFiles/cmTC_71335.dir/CheckSymbolExists.c.o: nella funzione "main":
CheckSymbolExists.c:(.text+0x14): riferimento non definito a "pthread_create"
CheckSymbolExists.c:(.text+0x18): riferimento non definito a "pthread_create"
collect2: error: ld returned 1 exit status
CMakeFiles/cmTC_71335.dir/build.make:97: recipe for target 'cmTC_71335' failed
make[1]: *** [cmTC_71335] Error 1
make[1]: uscita dalla directory "/home/ubuntu/arduinobot-tutorial/L6-Robot-Arm-Inverse-Kinematic/arduinobot_ws/build/CMakeFiles/CMakeTmp"
Makefile:126: recipe for target 'cmTC_71335/fast' failed
make: *** [cmTC_71335/fast] Error 2

File /home/ubuntu/arduinobot-tutorial/L6-Robot-Arm-Inverse-Kinematic/arduinobot_ws/build/CMakeFiles/CMakeTmp/CheckSymbolExists.c:
/* */
#include <pthread.h>

int main(int argc, char** argv)
{
  (void)argv;
#ifndef pthread_create
  return ((int*)(&pthread_create))[argc];
#else
  (void)argc;
  return 0;
#endif
}

Determining if the function pthread_create exists in the pthreads failed with the following output:
Change Dir: /home/ubuntu/arduinobot-tutorial/L6-Robot-Arm-Inverse-Kinematic/arduinobot_ws/build/CMakeFiles/CMakeTmp

Run Build Command:"/usr/bin/make" "cmTC_452f6/fast"
/usr/bin/make -f CMakeFiles/cmTC_452f6.dir/build.make CMakeFiles/cmTC_452f6.dir/build
make[1]: ingresso nella directory "/home/ubuntu/arduinobot-tutorial/L6-Robot-Arm-Inverse-Kinematic/arduinobot_ws/build/CMakeFiles/CMakeTmp"
Building C object CMakeFiles/cmTC_452f6.dir/CheckFunctionExists.c.o
/usr/bin/cc   -DCHECK_FUNCTION_EXISTS=pthread_create   -o CMakeFiles/cmTC_452f6.dir/CheckFunctionExists.c.o   -c /usr/local/share/cmake-3.8/Modules/CheckFunctionExists.c
Linking C executable cmTC_452f6
/usr/local/bin/cmake -E cmake_link_script CMakeFiles/cmTC_452f6.dir/link.txt --verbose=1
/usr/bin/cc  -DCHECK_FUNCTION_EXISTS=pthread_create    -rdynamic CMakeFiles/cmTC_452f6.dir/CheckFunctionExists.c.o  -o cmTC_452f6 -lpthreads 
/usr/bin/ld: impossibile trovare -lpthreads
collect2: error: ld returned 1 exit status
CMakeFiles/cmTC_452f6.dir/build.make:97: recipe for target 'cmTC_452f6' failed
make[1]: *** [cmTC_452f6] Error 1
make[1]: uscita dalla directory "/home/ubuntu/arduinobot-tutorial/L6-Robot-Arm-Inverse-Kinematic/arduinobot_ws/build/CMakeFiles/CMakeTmp"
Makefile:126: recipe for target 'cmTC_452f6/fast' failed
make: *** [cmTC_452f6/fast] Error 2


